INFO : 2023-08-20 01:07:39,215 : -----------------START-------------------
INFO : 2023-08-20 01:07:39,216 : Creating CSV file: ./data/animelist_2021_Jul.csv
INFO : 2023-08-20 01:07:39,216 : Search Name:/year/2021-1.php
INFO : 2023-08-20 01:07:39,216 : http://ruijianime.com/main/year/2021-1.php
DEBUG : 2023-08-20 01:07:39,232 : Starting new HTTP connection (1): ruijianime.com:80
DEBUG : 2023-08-20 01:07:39,389 : http://ruijianime.com:80 "GET /main/year/2021-1.php HTTP/1.1" 200 10191
INFO : 2023-08-20 01:08:19,513 : Writing to ./data/animelist_2021_Jul.csv completed.
INFO : 2023-08-20 01:08:19,516 : Creating CSV file: ./data/animelist_2021_Oct.csv
INFO : 2023-08-20 01:08:19,518 : Search Name:/year/2021-2.php
INFO : 2023-08-20 01:08:19,518 : http://ruijianime.com/main/year/2021-2.php
DEBUG : 2023-08-20 01:08:19,524 : Starting new HTTP connection (1): ruijianime.com:80
DEBUG : 2023-08-20 01:08:19,678 : http://ruijianime.com:80 "GET /main/year/2021-2.php HTTP/1.1" 200 10226
INFO : 2023-08-20 01:08:59,815 : Writing to ./data/animelist_2021_Oct.csv completed.
INFO : 2023-08-20 01:08:59,817 : Creating CSV file: ./data/animelist_2022_Jul.csv
INFO : 2023-08-20 01:08:59,819 : Search Name:/year/2022-1.php
INFO : 2023-08-20 01:08:59,819 : http://ruijianime.com/main/year/2022-1.php
DEBUG : 2023-08-20 01:08:59,826 : Starting new HTTP connection (1): ruijianime.com:80
DEBUG : 2023-08-20 01:08:59,998 : http://ruijianime.com:80 "GET /main/year/2022-1.php HTTP/1.1" 200 9974
INFO : 2023-08-20 01:09:40,130 : Writing to ./data/animelist_2022_Jul.csv completed.
INFO : 2023-08-20 01:09:40,133 : Creating CSV file: ./data/animelist_2022_Oct.csv
INFO : 2023-08-20 01:09:40,135 : Search Name:/year/2022-2.php
INFO : 2023-08-20 01:09:40,135 : http://ruijianime.com/main/year/2022-2.php
DEBUG : 2023-08-20 01:09:40,142 : Starting new HTTP connection (1): ruijianime.com:80
DEBUG : 2023-08-20 01:09:40,287 : http://ruijianime.com:80 "GET /main/year/2022-2.php HTTP/1.1" 200 10545
INFO : 2023-08-20 01:10:20,421 : Writing to ./data/animelist_2022_Oct.csv completed.
INFO : 2023-08-20 01:10:20,423 : Creating CSV file: ./data/animelist_2023_Jul.csv
INFO : 2023-08-20 01:10:20,424 : Search Name:/year/2023-0.php
INFO : 2023-08-20 01:10:20,424 : http://ruijianime.com/main/year/2023-0.php
DEBUG : 2023-08-20 01:10:20,432 : Starting new HTTP connection (1): ruijianime.com:80
DEBUG : 2023-08-20 01:10:20,591 : http://ruijianime.com:80 "GET /main/year/2023-0.php HTTP/1.1" 200 10387
INFO : 2023-08-20 01:11:00,719 : Writing to ./data/animelist_2023_Jul.csv completed.
INFO : 2023-08-20 01:11:00,722 : Creating CSV file: ./data/animelist_2023_Spr.csv
INFO : 2023-08-20 01:11:00,723 : Search Name:/year/2023-3.php
INFO : 2023-08-20 01:11:00,723 : http://ruijianime.com/main/year/2023-3.php
DEBUG : 2023-08-20 01:11:00,731 : Starting new HTTP connection (1): ruijianime.com:80
DEBUG : 2023-08-20 01:11:00,890 : http://ruijianime.com:80 "GET /main/year/2023-3.php HTTP/1.1" 200 10399
INFO : 2023-08-20 01:11:41,024 : Writing to ./data/animelist_2023_Spr.csv completed.
INFO : 2023-08-20 01:11:41,025 : -----------------END-------------------
