INFO : 2023-08-19 04:18:57,761 : -----------------START-------------------
INFO : 2023-08-19 04:18:57,762 : Creating CSV file: ./data/animelist_2021_Jul.csv
INFO : 2023-08-19 04:18:57,763 : Search Name:/year/2021-1.php
INFO : 2023-08-19 04:18:57,763 : http://ruijianime.com/main/year/2021-1.php
DEBUG : 2023-08-19 04:18:57,827 : Starting new HTTP connection (1): ruijianime.com:80
DEBUG : 2023-08-19 04:18:58,023 : http://ruijianime.com:80 "GET /main/year/2021-1.php HTTP/1.1" 200 10191
INFO : 2023-08-19 04:19:38,151 : Writing to ./data/animelist_2021_Jul.csv completed.
INFO : 2023-08-19 04:19:38,154 : Creating CSV file: ./data/animelist_2021_Oct.csv
INFO : 2023-08-19 04:19:38,155 : Search Name:/year/2021-2.php
INFO : 2023-08-19 04:19:38,156 : http://ruijianime.com/main/year/2021-2.php
DEBUG : 2023-08-19 04:19:38,165 : Starting new HTTP connection (1): ruijianime.com:80
DEBUG : 2023-08-19 04:19:38,322 : http://ruijianime.com:80 "GET /main/year/2021-2.php HTTP/1.1" 200 10226
INFO : 2023-08-19 04:20:18,461 : Writing to ./data/animelist_2021_Oct.csv completed.
INFO : 2023-08-19 04:20:18,464 : Creating CSV file: ./data/animelist_2022_Jul.csv
INFO : 2023-08-19 04:20:18,466 : Search Name:/year/2022-1.php
INFO : 2023-08-19 04:20:18,466 : http://ruijianime.com/main/year/2022-1.php
DEBUG : 2023-08-19 04:20:18,472 : Starting new HTTP connection (1): ruijianime.com:80
DEBUG : 2023-08-19 04:20:18,631 : http://ruijianime.com:80 "GET /main/year/2022-1.php HTTP/1.1" 200 9974
INFO : 2023-08-19 04:20:58,758 : Writing to ./data/animelist_2022_Jul.csv completed.
INFO : 2023-08-19 04:20:58,759 : Creating CSV file: ./data/animelist_2022_Oct.csv
INFO : 2023-08-19 04:20:58,760 : Search Name:/year/2022-2.php
INFO : 2023-08-19 04:20:58,760 : http://ruijianime.com/main/year/2022-2.php
DEBUG : 2023-08-19 04:20:58,766 : Starting new HTTP connection (1): ruijianime.com:80
DEBUG : 2023-08-19 04:20:58,923 : http://ruijianime.com:80 "GET /main/year/2022-2.php HTTP/1.1" 200 10545
INFO : 2023-08-19 04:21:39,047 : Writing to ./data/animelist_2022_Oct.csv completed.
INFO : 2023-08-19 04:21:39,048 : Creating CSV file: ./data/animelist_2023_Jul.csv
INFO : 2023-08-19 04:21:39,050 : Search Name:/year/2023-0.php
INFO : 2023-08-19 04:21:39,050 : http://ruijianime.com/main/year/2023-0.php
DEBUG : 2023-08-19 04:21:39,058 : Starting new HTTP connection (1): ruijianime.com:80
DEBUG : 2023-08-19 04:21:39,207 : http://ruijianime.com:80 "GET /main/year/2023-0.php HTTP/1.1" 200 10387
INFO : 2023-08-19 04:22:19,346 : Writing to ./data/animelist_2023_Jul.csv completed.
INFO : 2023-08-19 04:22:19,348 : Creating CSV file: ./data/animelist_2023_Spr.csv
INFO : 2023-08-19 04:22:19,350 : Search Name:/year/2023-3.php
INFO : 2023-08-19 04:22:19,350 : http://ruijianime.com/main/year/2023-3.php
DEBUG : 2023-08-19 04:22:19,362 : Starting new HTTP connection (1): ruijianime.com:80
DEBUG : 2023-08-19 04:22:19,521 : http://ruijianime.com:80 "GET /main/year/2023-3.php HTTP/1.1" 200 10399
INFO : 2023-08-19 04:22:59,637 : Writing to ./data/animelist_2023_Spr.csv completed.
INFO : 2023-08-19 04:22:59,639 : -----------------END-------------------
